2018-04-06 11:25:40.534  INFO 1599 --- [           main] s.c.a.AnnotationConfigApplicationContext : Refreshing org.springframework.context.annotation.AnnotationConfigApplicationContext@61443d8f: startup date [Fri Apr 06 11:25:40 CST 2018]; root of context hierarchy
2018-04-06 11:25:40.990  INFO 1599 --- [           main] f.a.AutowiredAnnotationBeanPostProcessor : JSR-330 'javax.inject.Inject' annotation found and supported for autowiring
2018-04-06 11:25:41.066  INFO 1599 --- [           main] trationDelegate$BeanPostProcessorChecker : Bean 'configurationPropertiesRebinderAutoConfiguration' of type [org.springframework.cloud.autoconfigure.ConfigurationPropertiesRebinderAutoConfiguration$$EnhancerBySpringCGLIB$$e23f63b9] is not eligible for getting processed by all BeanPostProcessors (for example: not eligible for auto-proxying)

  .   ____          _            __ _ _
 /\\ / ___'_ __ _ _(_)_ __  __ _ \ \ \ \
( ( )\___ | '_ | '_| | '_ \/ _` | \ \ \ \
 \\/  ___)| |_)| | | | | || (_| |  ) ) ) )
  '  |____| .__|_| |_|_| |_\__, | / / / /
 =========|_|==============|___/=/_/_/_/
 :: Spring Boot ::        (v2.0.1.RELEASE)

2018-04-06 11:25:41.514  INFO 1599 --- [           main] com.huatuo.eureka.EurekaApplication      : No active profile set, falling back to default profiles: default
2018-04-06 11:25:41.543  INFO 1599 --- [           main] ConfigServletWebServerApplicationContext : Refreshing org.springframework.boot.web.servlet.context.AnnotationConfigServletWebServerApplicationContext@5f2108b5: startup date [Fri Apr 06 11:25:41 CST 2018]; parent: org.springframework.context.annotation.AnnotationConfigApplicationContext@61443d8f
2018-04-06 11:25:42.461  INFO 1599 --- [           main] o.s.b.f.s.DefaultListableBeanFactory     : Overriding bean definition for bean 'environmentWebEndpointExtension' with a different definition: replacing [Root bean: class [null]; scope=; abstract=false; lazyInit=false; autowireMode=3; dependencyCheck=0; autowireCandidate=true; primary=false; factoryBeanName=org.springframework.boot.actuate.autoconfigure.env.EnvironmentEndpointAutoConfiguration; factoryMethodName=environmentWebEndpointExtension; initMethodName=null; destroyMethodName=(inferred); defined in class path resource [org/springframework/boot/actuate/autoconfigure/env/EnvironmentEndpointAutoConfiguration.class]] with [Root bean: class [null]; scope=; abstract=false; lazyInit=false; autowireMode=3; dependencyCheck=0; autowireCandidate=true; primary=false; factoryBeanName=org.springframework.cloud.autoconfigure.LifecycleMvcEndpointAutoConfiguration$EndpointConfiguration; factoryMethodName=environmentWebEndpointExtension; initMethodName=null; destroyMethodName=(inferred); defined in class path resource [org/springframework/cloud/autoconfigure/LifecycleMvcEndpointAutoConfiguration$EndpointConfiguration.class]]
2018-04-06 11:25:42.929  INFO 1599 --- [           main] o.s.cloud.context.scope.GenericScope     : BeanFactory id=965f0cda-80a3-3d03-bfef-941a32fc8c66
2018-04-06 11:25:42.959  INFO 1599 --- [           main] f.a.AutowiredAnnotationBeanPostProcessor : JSR-330 'javax.inject.Inject' annotation found and supported for autowiring
2018-04-06 11:25:43.109  INFO 1599 --- [           main] trationDelegate$BeanPostProcessorChecker : Bean 'org.springframework.cloud.autoconfigure.ConfigurationPropertiesRebinderAutoConfiguration' of type [org.springframework.cloud.autoconfigure.ConfigurationPropertiesRebinderAutoConfiguration$$EnhancerBySpringCGLIB$$e23f63b9] is not eligible for getting processed by all BeanPostProcessors (for example: not eligible for auto-proxying)
2018-04-06 11:25:43.663  INFO 1599 --- [           main] o.s.b.w.embedded.tomcat.TomcatWebServer  : Tomcat initialized with port(s): 8761 (http)
2018-04-06 11:25:43.704  INFO 1599 --- [           main] o.apache.catalina.core.StandardService   : Starting service [Tomcat]
2018-04-06 11:25:43.705  INFO 1599 --- [           main] org.apache.catalina.core.StandardEngine  : Starting Servlet Engine: Apache Tomcat/8.5.29
2018-04-06 11:25:43.718  INFO 1599 --- [ost-startStop-1] o.a.catalina.core.AprLifecycleListener   : The APR based Apache Tomcat Native library which allows optimal performance in production environments was not found on the java.library.path: [/Users/huaTuo/Library/Java/Extensions:/Library/Java/Extensions:/Network/Library/Java/Extensions:/System/Library/Java/Extensions:/usr/lib/java:.]
2018-04-06 11:25:43.914  INFO 1599 --- [ost-startStop-1] o.a.c.c.C.[Tomcat].[localhost].[/]       : Initializing Spring embedded WebApplicationContext
2018-04-06 11:25:43.914  INFO 1599 --- [ost-startStop-1] o.s.web.context.ContextLoader            : Root WebApplicationContext: initialization completed in 2374 ms
2018-04-06 11:25:45.589  INFO 1599 --- [ost-startStop-1] o.s.b.w.servlet.FilterRegistrationBean   : Mapping filter: 'characterEncodingFilter' to: [/*]
2018-04-06 11:25:45.590  INFO 1599 --- [ost-startStop-1] o.s.b.w.servlet.FilterRegistrationBean   : Mapping filter: 'hiddenHttpMethodFilter' to: [/*]
2018-04-06 11:25:45.590  INFO 1599 --- [ost-startStop-1] o.s.b.w.servlet.FilterRegistrationBean   : Mapping filter: 'httpPutFormContentFilter' to: [/*]
2018-04-06 11:25:45.590  INFO 1599 --- [ost-startStop-1] o.s.b.w.servlet.FilterRegistrationBean   : Mapping filter: 'requestContextFilter' to: [/*]
2018-04-06 11:25:45.590  INFO 1599 --- [ost-startStop-1] o.s.b.w.servlet.FilterRegistrationBean   : Mapping filter: 'httpTraceFilter' to: [/*]
2018-04-06 11:25:45.590  INFO 1599 --- [ost-startStop-1] o.s.b.w.servlet.FilterRegistrationBean   : Mapping filter: 'webMvcMetricsFilter' to: [/*]
2018-04-06 11:25:45.591  INFO 1599 --- [ost-startStop-1] o.s.b.w.servlet.FilterRegistrationBean   : Mapping filter: 'servletContainer' to urls: [/eureka/*]
2018-04-06 11:25:45.591  INFO 1599 --- [ost-startStop-1] o.s.b.w.servlet.ServletRegistrationBean  : Servlet dispatcherServlet mapped to [/]
2018-04-06 11:25:45.733  INFO 1599 --- [ost-startStop-1] c.s.j.s.i.a.WebApplicationImpl           : Initiating Jersey application, version 'Jersey: 1.19.1 03/11/2016 02:08 PM'
2018-04-06 11:25:45.839  INFO 1599 --- [ost-startStop-1] c.n.d.provider.DiscoveryJerseyProvider   : Using JSON encoding codec LegacyJacksonJson
2018-04-06 11:25:45.841  INFO 1599 --- [ost-startStop-1] c.n.d.provider.DiscoveryJerseyProvider   : Using JSON decoding codec LegacyJacksonJson
2018-04-06 11:25:46.081  INFO 1599 --- [ost-startStop-1] c.n.d.provider.DiscoveryJerseyProvider   : Using XML encoding codec XStreamXml
2018-04-06 11:25:46.081  INFO 1599 --- [ost-startStop-1] c.n.d.provider.DiscoveryJerseyProvider   : Using XML decoding codec XStreamXml
2018-04-06 11:25:46.541  WARN 1599 --- [           main] c.n.c.sources.URLConfigurationSource     : No URLs will be polled as dynamic configuration sources.
2018-04-06 11:25:46.541  INFO 1599 --- [           main] c.n.c.sources.URLConfigurationSource     : To enable URLs as dynamic configuration sources, define System property archaius.configurationSource.additionalUrls or make config.properties available on classpath.
2018-04-06 11:25:46.552  WARN 1599 --- [           main] c.n.c.sources.URLConfigurationSource     : No URLs will be polled as dynamic configuration sources.
2018-04-06 11:25:46.552  INFO 1599 --- [           main] c.n.c.sources.URLConfigurationSource     : To enable URLs as dynamic configuration sources, define System property archaius.configurationSource.additionalUrls or make config.properties available on classpath.
2018-04-06 11:25:46.726  INFO 1599 --- [           main] o.s.w.s.handler.SimpleUrlHandlerMapping  : Mapped URL path [/**/favicon.ico] onto handler of type [class org.springframework.web.servlet.resource.ResourceHttpRequestHandler]
2018-04-06 11:25:47.010  INFO 1599 --- [           main] s.w.s.m.m.a.RequestMappingHandlerAdapter : Looking for @ControllerAdvice: org.springframework.boot.web.servlet.context.AnnotationConfigServletWebServerApplicationContext@5f2108b5: startup date [Fri Apr 06 11:25:41 CST 2018]; parent: org.springframework.context.annotation.AnnotationConfigApplicationContext@61443d8f
2018-04-06 11:25:47.116  INFO 1599 --- [           main] s.w.s.m.m.a.RequestMappingHandlerMapping : Mapped "{[/error]}" onto public org.springframework.http.ResponseEntity<java.util.Map<java.lang.String, java.lang.Object>> org.springframework.boot.autoconfigure.web.servlet.error.BasicErrorController.error(javax.servlet.http.HttpServletRequest)
2018-04-06 11:25:47.118  INFO 1599 --- [           main] s.w.s.m.m.a.RequestMappingHandlerMapping : Mapped "{[/error],produces=[text/html]}" onto public org.springframework.web.servlet.ModelAndView org.springframework.boot.autoconfigure.web.servlet.error.BasicErrorController.errorHtml(javax.servlet.http.HttpServletRequest,javax.servlet.http.HttpServletResponse)
2018-04-06 11:25:47.126  INFO 1599 --- [           main] s.w.s.m.m.a.RequestMappingHandlerMapping : Mapped "{[/],methods=[GET]}" onto public java.lang.String org.springframework.cloud.netflix.eureka.server.EurekaController.status(javax.servlet.http.HttpServletRequest,java.util.Map<java.lang.String, java.lang.Object>)
2018-04-06 11:25:47.127  INFO 1599 --- [           main] s.w.s.m.m.a.RequestMappingHandlerMapping : Mapped "{[/lastn],methods=[GET]}" onto public java.lang.String org.springframework.cloud.netflix.eureka.server.EurekaController.lastn(javax.servlet.http.HttpServletRequest,java.util.Map<java.lang.String, java.lang.Object>)
2018-04-06 11:25:47.165  INFO 1599 --- [           main] o.s.w.s.handler.SimpleUrlHandlerMapping  : Mapped URL path [/webjars/**] onto handler of type [class org.springframework.web.servlet.resource.ResourceHttpRequestHandler]
2018-04-06 11:25:47.165  INFO 1599 --- [           main] o.s.w.s.handler.SimpleUrlHandlerMapping  : Mapped URL path [/**] onto handler of type [class org.springframework.web.servlet.resource.ResourceHttpRequestHandler]
2018-04-06 11:25:47.771  INFO 1599 --- [           main] o.s.ui.freemarker.SpringTemplateLoader   : SpringTemplateLoader for FreeMarker: using resource loader [org.springframework.boot.web.servlet.context.AnnotationConfigServletWebServerApplicationContext@5f2108b5: startup date [Fri Apr 06 11:25:41 CST 2018]; parent: org.springframework.context.annotation.AnnotationConfigApplicationContext@61443d8f] and template loader path [classpath:/templates/]
2018-04-06 11:25:47.772  INFO 1599 --- [           main] o.s.w.s.v.f.FreeMarkerConfigurer         : ClassTemplateLoader for Spring macros added to FreeMarker configuration
2018-04-06 11:25:48.207  INFO 1599 --- [           main] o.s.c.n.eureka.InstanceInfoFactory       : Setting initial instance status as: STARTING
2018-04-06 11:25:48.267  INFO 1599 --- [           main] com.netflix.discovery.DiscoveryClient    : Initializing Eureka in region us-east-1
2018-04-06 11:25:48.267  INFO 1599 --- [           main] com.netflix.discovery.DiscoveryClient    : Client configured to neither register nor query for data.
2018-04-06 11:25:48.282  INFO 1599 --- [           main] com.netflix.discovery.DiscoveryClient    : Discovery Client initialized at timestamp 1522985148281 with initial instances count: 0
2018-04-06 11:25:48.373  INFO 1599 --- [           main] c.n.eureka.DefaultEurekaServerContext    : Initializing ...
2018-04-06 11:25:48.377  INFO 1599 --- [           main] c.n.eureka.cluster.PeerEurekaNodes       : Adding new peer nodes [http://localhost:8761/eureka/]
2018-04-06 11:25:48.709  INFO 1599 --- [           main] c.n.d.provider.DiscoveryJerseyProvider   : Using JSON encoding codec LegacyJacksonJson
2018-04-06 11:25:48.709  INFO 1599 --- [           main] c.n.d.provider.DiscoveryJerseyProvider   : Using JSON decoding codec LegacyJacksonJson
2018-04-06 11:25:48.709  INFO 1599 --- [           main] c.n.d.provider.DiscoveryJerseyProvider   : Using XML encoding codec XStreamXml
2018-04-06 11:25:48.709  INFO 1599 --- [           main] c.n.d.provider.DiscoveryJerseyProvider   : Using XML decoding codec XStreamXml
2018-04-06 11:25:48.857  INFO 1599 --- [           main] c.n.eureka.cluster.PeerEurekaNodes       : Replica node URL:  http://localhost:8761/eureka/
2018-04-06 11:25:48.870  INFO 1599 --- [           main] c.n.e.registry.AbstractInstanceRegistry  : Finished initializing remote region registries. All known remote regions: []
2018-04-06 11:25:48.871  INFO 1599 --- [           main] c.n.eureka.DefaultEurekaServerContext    : Initialized
2018-04-06 11:25:48.903  INFO 1599 --- [           main] o.s.b.a.e.web.EndpointLinksResolver      : Exposing 2 endpoint(s) beneath base path '/actuator'
2018-04-06 11:25:48.921  INFO 1599 --- [           main] s.b.a.e.w.s.WebMvcEndpointHandlerMapping : Mapped "{[/actuator/health],methods=[GET],produces=[application/vnd.spring-boot.actuator.v2+json || application/json]}" onto public java.lang.Object org.springframework.boot.actuate.endpoint.web.servlet.AbstractWebMvcEndpointHandlerMapping$OperationHandler.handle(javax.servlet.http.HttpServletRequest,java.util.Map<java.lang.String, java.lang.String>)
2018-04-06 11:25:48.922  INFO 1599 --- [           main] s.b.a.e.w.s.WebMvcEndpointHandlerMapping : Mapped "{[/actuator/info],methods=[GET],produces=[application/vnd.spring-boot.actuator.v2+json || application/json]}" onto public java.lang.Object org.springframework.boot.actuate.endpoint.web.servlet.AbstractWebMvcEndpointHandlerMapping$OperationHandler.handle(javax.servlet.http.HttpServletRequest,java.util.Map<java.lang.String, java.lang.String>)
2018-04-06 11:25:48.923  INFO 1599 --- [           main] s.b.a.e.w.s.WebMvcEndpointHandlerMapping : Mapped "{[/actuator],methods=[GET],produces=[application/vnd.spring-boot.actuator.v2+json || application/json]}" onto protected java.util.Map<java.lang.String, java.util.Map<java.lang.String, org.springframework.boot.actuate.endpoint.web.Link>> org.springframework.boot.actuate.endpoint.web.servlet.WebMvcEndpointHandlerMapping.links(javax.servlet.http.HttpServletRequest,javax.servlet.http.HttpServletResponse)
2018-04-06 11:25:48.998  INFO 1599 --- [           main] o.s.j.e.a.AnnotationMBeanExporter        : Registering beans for JMX exposure on startup
2018-04-06 11:25:49.012  INFO 1599 --- [           main] o.s.j.e.a.AnnotationMBeanExporter        : Bean with name 'configurationPropertiesRebinder' has been autodetected for JMX exposure
2018-04-06 11:25:49.013  INFO 1599 --- [           main] o.s.j.e.a.AnnotationMBeanExporter        : Bean with name 'environmentManager' has been autodetected for JMX exposure
2018-04-06 11:25:49.015  INFO 1599 --- [           main] o.s.j.e.a.AnnotationMBeanExporter        : Bean with name 'refreshScope' has been autodetected for JMX exposure
2018-04-06 11:25:49.018  INFO 1599 --- [           main] o.s.j.e.a.AnnotationMBeanExporter        : Located managed bean 'environmentManager': registering with JMX server as MBean [org.springframework.cloud.context.environment:name=environmentManager,type=EnvironmentManager]
2018-04-06 11:25:49.030  INFO 1599 --- [           main] o.s.j.e.a.AnnotationMBeanExporter        : Located managed bean 'refreshScope': registering with JMX server as MBean [org.springframework.cloud.context.scope.refresh:name=refreshScope,type=RefreshScope]
2018-04-06 11:25:49.047  INFO 1599 --- [           main] o.s.j.e.a.AnnotationMBeanExporter        : Located managed bean 'configurationPropertiesRebinder': registering with JMX server as MBean [org.springframework.cloud.context.properties:name=configurationPropertiesRebinder,context=5f2108b5,type=ConfigurationPropertiesRebinder]
2018-04-06 11:25:49.063  INFO 1599 --- [           main] o.s.c.support.DefaultLifecycleProcessor  : Starting beans in phase 0
2018-04-06 11:25:49.064  INFO 1599 --- [           main] o.s.c.n.e.s.EurekaServiceRegistry        : Registering application eureka with eureka with status UP
2018-04-06 11:25:49.068  INFO 1599 --- [      Thread-13] o.s.c.n.e.server.EurekaServerBootstrap   : Setting the eureka configuration..
2018-04-06 11:25:49.068  INFO 1599 --- [      Thread-13] o.s.c.n.e.server.EurekaServerBootstrap   : Eureka data center value eureka.datacenter is not set, defaulting to default
2018-04-06 11:25:49.069  INFO 1599 --- [      Thread-13] o.s.c.n.e.server.EurekaServerBootstrap   : Eureka environment value eureka.environment is not set, defaulting to test
2018-04-06 11:25:49.088  INFO 1599 --- [      Thread-13] o.s.c.n.e.server.EurekaServerBootstrap   : isAws returned false
2018-04-06 11:25:49.089  INFO 1599 --- [      Thread-13] o.s.c.n.e.server.EurekaServerBootstrap   : Initialized server context
2018-04-06 11:25:49.089  INFO 1599 --- [      Thread-13] c.n.e.r.PeerAwareInstanceRegistryImpl    : Got 1 instances from neighboring DS node
2018-04-06 11:25:49.090  INFO 1599 --- [      Thread-13] c.n.e.r.PeerAwareInstanceRegistryImpl    : Renew threshold is: 1
2018-04-06 11:25:49.090  INFO 1599 --- [      Thread-13] c.n.e.r.PeerAwareInstanceRegistryImpl    : Changing status to UP
2018-04-06 11:25:49.101  INFO 1599 --- [      Thread-13] e.s.EurekaServerInitializerConfiguration : Started Eureka Server
2018-04-06 11:25:49.152  INFO 1599 --- [           main] o.s.b.w.embedded.tomcat.TomcatWebServer  : Tomcat started on port(s): 8761 (http) with context path ''
2018-04-06 11:25:49.153  INFO 1599 --- [           main] .s.c.n.e.s.EurekaAutoServiceRegistration : Updating port to 8761
2018-04-06 11:25:49.157  INFO 1599 --- [           main] com.huatuo.eureka.EurekaApplication      : Started EurekaApplication in 9.857 seconds (JVM running for 11.157)
2018-04-06 11:25:57.063  INFO 1599 --- [nio-8761-exec-6] o.a.c.c.C.[Tomcat].[localhost].[/]       : Initializing Spring FrameworkServlet 'dispatcherServlet'
2018-04-06 11:25:57.064  INFO 1599 --- [nio-8761-exec-6] o.s.web.servlet.DispatcherServlet        : FrameworkServlet 'dispatcherServlet': initialization started
2018-04-06 11:25:57.093  INFO 1599 --- [nio-8761-exec-6] o.s.web.servlet.DispatcherServlet        : FrameworkServlet 'dispatcherServlet': initialization completed in 29 ms
2018-04-06 11:26:18.450  INFO 1599 --- [      Thread-15] ConfigServletWebServerApplicationContext : Closing org.springframework.boot.web.servlet.context.AnnotationConfigServletWebServerApplicationContext@5f2108b5: startup date [Fri Apr 06 11:25:41 CST 2018]; parent: org.springframework.context.annotation.AnnotationConfigApplicationContext@61443d8f
2018-04-06 11:26:18.451  INFO 1599 --- [      Thread-15] o.s.c.n.e.s.EurekaServiceRegistry        : Unregistering application eureka with eureka with status DOWN
2018-04-06 11:26:18.455  INFO 1599 --- [      Thread-15] o.s.c.support.DefaultLifecycleProcessor  : Stopping beans in phase 0
2018-04-06 11:26:18.456  INFO 1599 --- [      Thread-15] c.n.eureka.DefaultEurekaServerContext    : Shutting down ...
2018-04-06 11:26:18.475  INFO 1599 --- [      Thread-15] c.n.eureka.DefaultEurekaServerContext    : Shut down
2018-04-06 11:26:18.479  INFO 1599 --- [      Thread-15] o.s.j.e.a.AnnotationMBeanExporter        : Unregistering JMX-exposed beans on shutdown
2018-04-06 11:26:18.484  INFO 1599 --- [      Thread-15] o.s.j.e.a.AnnotationMBeanExporter        : Unregistering JMX-exposed beans
2018-04-06 11:26:18.495  INFO 1599 --- [      Thread-15] com.netflix.discovery.DiscoveryClient    : Shutting down DiscoveryClient ...
2018-04-06 11:26:18.495  INFO 1599 --- [      Thread-15] com.netflix.discovery.DiscoveryClient    : Completed shut down of DiscoveryClient
2018-04-06 11:28:18.728  INFO 1649 --- [           main] s.c.a.AnnotationConfigApplicationContext : Refreshing org.springframework.context.annotation.AnnotationConfigApplicationContext@64c64813: startup date [Fri Apr 06 11:28:18 CST 2018]; root of context hierarchy
2018-04-06 11:28:19.245  INFO 1649 --- [           main] f.a.AutowiredAnnotationBeanPostProcessor : JSR-330 'javax.inject.Inject' annotation found and supported for autowiring
2018-04-06 11:28:19.340  INFO 1649 --- [           main] trationDelegate$BeanPostProcessorChecker : Bean 'configurationPropertiesRebinderAutoConfiguration' of type [org.springframework.cloud.autoconfigure.ConfigurationPropertiesRebinderAutoConfiguration$$EnhancerBySpringCGLIB$$7475263a] is not eligible for getting processed by all BeanPostProcessors (for example: not eligible for auto-proxying)

  .   ____          _            __ _ _
 /\\ / ___'_ __ _ _(_)_ __  __ _ \ \ \ \
( ( )\___ | '_ | '_| | '_ \/ _` | \ \ \ \
 \\/  ___)| |_)| | | | | || (_| |  ) ) ) )
  '  |____| .__|_| |_|_| |_\__, | / / / /
 =========|_|==============|___/=/_/_/_/
 :: Spring Boot ::        (v2.0.1.RELEASE)

2018-04-06 11:28:19.769  INFO 1649 --- [           main] com.huatuo.eureka.EurekaApplication      : No active profile set, falling back to default profiles: default
2018-04-06 11:28:19.791  INFO 1649 --- [           main] ConfigServletWebServerApplicationContext : Refreshing org.springframework.boot.web.servlet.context.AnnotationConfigServletWebServerApplicationContext@271053e1: startup date [Fri Apr 06 11:28:19 CST 2018]; parent: org.springframework.context.annotation.AnnotationConfigApplicationContext@64c64813
2018-04-06 11:28:20.972  INFO 1649 --- [           main] o.s.b.f.s.DefaultListableBeanFactory     : Overriding bean definition for bean 'environmentWebEndpointExtension' with a different definition: replacing [Root bean: class [null]; scope=; abstract=false; lazyInit=false; autowireMode=3; dependencyCheck=0; autowireCandidate=true; primary=false; factoryBeanName=org.springframework.boot.actuate.autoconfigure.env.EnvironmentEndpointAutoConfiguration; factoryMethodName=environmentWebEndpointExtension; initMethodName=null; destroyMethodName=(inferred); defined in class path resource [org/springframework/boot/actuate/autoconfigure/env/EnvironmentEndpointAutoConfiguration.class]] with [Root bean: class [null]; scope=; abstract=false; lazyInit=false; autowireMode=3; dependencyCheck=0; autowireCandidate=true; primary=false; factoryBeanName=org.springframework.cloud.autoconfigure.LifecycleMvcEndpointAutoConfiguration$EndpointConfiguration; factoryMethodName=environmentWebEndpointExtension; initMethodName=null; destroyMethodName=(inferred); defined in class path resource [org/springframework/cloud/autoconfigure/LifecycleMvcEndpointAutoConfiguration$EndpointConfiguration.class]]
2018-04-06 11:28:21.478  INFO 1649 --- [           main] o.s.cloud.context.scope.GenericScope     : BeanFactory id=965f0cda-80a3-3d03-bfef-941a32fc8c66
2018-04-06 11:28:21.513  INFO 1649 --- [           main] f.a.AutowiredAnnotationBeanPostProcessor : JSR-330 'javax.inject.Inject' annotation found and supported for autowiring
2018-04-06 11:28:21.667  INFO 1649 --- [           main] trationDelegate$BeanPostProcessorChecker : Bean 'org.springframework.cloud.autoconfigure.ConfigurationPropertiesRebinderAutoConfiguration' of type [org.springframework.cloud.autoconfigure.ConfigurationPropertiesRebinderAutoConfiguration$$EnhancerBySpringCGLIB$$7475263a] is not eligible for getting processed by all BeanPostProcessors (for example: not eligible for auto-proxying)
2018-04-06 11:28:22.188  INFO 1649 --- [           main] o.s.b.w.embedded.tomcat.TomcatWebServer  : Tomcat initialized with port(s): 8761 (http)
2018-04-06 11:28:22.226  INFO 1649 --- [           main] o.apache.catalina.core.StandardService   : Starting service [Tomcat]
2018-04-06 11:28:22.227  INFO 1649 --- [           main] org.apache.catalina.core.StandardEngine  : Starting Servlet Engine: Apache Tomcat/8.5.29
2018-04-06 11:28:22.238  INFO 1649 --- [ost-startStop-1] o.a.catalina.core.AprLifecycleListener   : The APR based Apache Tomcat Native library which allows optimal performance in production environments was not found on the java.library.path: [/Users/huaTuo/Library/Java/Extensions:/Library/Java/Extensions:/Network/Library/Java/Extensions:/System/Library/Java/Extensions:/usr/lib/java:.]
2018-04-06 11:28:22.326  INFO 1649 --- [ost-startStop-1] o.a.c.c.C.[Tomcat].[localhost].[/]       : Initializing Spring embedded WebApplicationContext
2018-04-06 11:28:22.326  INFO 1649 --- [ost-startStop-1] o.s.web.context.ContextLoader            : Root WebApplicationContext: initialization completed in 2535 ms
2018-04-06 11:28:24.008  INFO 1649 --- [ost-startStop-1] o.s.b.w.servlet.FilterRegistrationBean   : Mapping filter: 'characterEncodingFilter' to: [/*]
2018-04-06 11:28:24.008  INFO 1649 --- [ost-startStop-1] o.s.b.w.servlet.FilterRegistrationBean   : Mapping filter: 'hiddenHttpMethodFilter' to: [/*]
2018-04-06 11:28:24.009  INFO 1649 --- [ost-startStop-1] o.s.b.w.servlet.FilterRegistrationBean   : Mapping filter: 'httpPutFormContentFilter' to: [/*]
2018-04-06 11:28:24.009  INFO 1649 --- [ost-startStop-1] o.s.b.w.servlet.FilterRegistrationBean   : Mapping filter: 'requestContextFilter' to: [/*]
2018-04-06 11:28:24.009  INFO 1649 --- [ost-startStop-1] o.s.b.w.servlet.FilterRegistrationBean   : Mapping filter: 'httpTraceFilter' to: [/*]
2018-04-06 11:28:24.009  INFO 1649 --- [ost-startStop-1] o.s.b.w.servlet.FilterRegistrationBean   : Mapping filter: 'webMvcMetricsFilter' to: [/*]
2018-04-06 11:28:24.009  INFO 1649 --- [ost-startStop-1] o.s.b.w.servlet.FilterRegistrationBean   : Mapping filter: 'servletContainer' to urls: [/eureka/*]
2018-04-06 11:28:24.010  INFO 1649 --- [ost-startStop-1] o.s.b.w.servlet.ServletRegistrationBean  : Servlet dispatcherServlet mapped to [/]
2018-04-06 11:28:24.153  INFO 1649 --- [ost-startStop-1] c.s.j.s.i.a.WebApplicationImpl           : Initiating Jersey application, version 'Jersey: 1.19.1 03/11/2016 02:08 PM'
2018-04-06 11:28:24.253  INFO 1649 --- [ost-startStop-1] c.n.d.provider.DiscoveryJerseyProvider   : Using JSON encoding codec LegacyJacksonJson
2018-04-06 11:28:24.256  INFO 1649 --- [ost-startStop-1] c.n.d.provider.DiscoveryJerseyProvider   : Using JSON decoding codec LegacyJacksonJson
2018-04-06 11:28:24.473  INFO 1649 --- [ost-startStop-1] c.n.d.provider.DiscoveryJerseyProvider   : Using XML encoding codec XStreamXml
2018-04-06 11:28:24.473  INFO 1649 --- [ost-startStop-1] c.n.d.provider.DiscoveryJerseyProvider   : Using XML decoding codec XStreamXml
2018-04-06 11:28:24.971  WARN 1649 --- [           main] c.n.c.sources.URLConfigurationSource     : No URLs will be polled as dynamic configuration sources.
2018-04-06 11:28:24.972  INFO 1649 --- [           main] c.n.c.sources.URLConfigurationSource     : To enable URLs as dynamic configuration sources, define System property archaius.configurationSource.additionalUrls or make config.properties available on classpath.
2018-04-06 11:28:24.981  WARN 1649 --- [           main] c.n.c.sources.URLConfigurationSource     : No URLs will be polled as dynamic configuration sources.
2018-04-06 11:28:24.981  INFO 1649 --- [           main] c.n.c.sources.URLConfigurationSource     : To enable URLs as dynamic configuration sources, define System property archaius.configurationSource.additionalUrls or make config.properties available on classpath.
2018-04-06 11:28:25.109  INFO 1649 --- [           main] o.s.w.s.handler.SimpleUrlHandlerMapping  : Mapped URL path [/**/favicon.ico] onto handler of type [class org.springframework.web.servlet.resource.ResourceHttpRequestHandler]
2018-04-06 11:28:25.390  INFO 1649 --- [           main] s.w.s.m.m.a.RequestMappingHandlerAdapter : Looking for @ControllerAdvice: org.springframework.boot.web.servlet.context.AnnotationConfigServletWebServerApplicationContext@271053e1: startup date [Fri Apr 06 11:28:19 CST 2018]; parent: org.springframework.context.annotation.AnnotationConfigApplicationContext@64c64813
2018-04-06 11:28:25.496  INFO 1649 --- [           main] s.w.s.m.m.a.RequestMappingHandlerMapping : Mapped "{[/error]}" onto public org.springframework.http.ResponseEntity<java.util.Map<java.lang.String, java.lang.Object>> org.springframework.boot.autoconfigure.web.servlet.error.BasicErrorController.error(javax.servlet.http.HttpServletRequest)
2018-04-06 11:28:25.497  INFO 1649 --- [           main] s.w.s.m.m.a.RequestMappingHandlerMapping : Mapped "{[/error],produces=[text/html]}" onto public org.springframework.web.servlet.ModelAndView org.springframework.boot.autoconfigure.web.servlet.error.BasicErrorController.errorHtml(javax.servlet.http.HttpServletRequest,javax.servlet.http.HttpServletResponse)
2018-04-06 11:28:25.503  INFO 1649 --- [           main] s.w.s.m.m.a.RequestMappingHandlerMapping : Mapped "{[/],methods=[GET]}" onto public java.lang.String org.springframework.cloud.netflix.eureka.server.EurekaController.status(javax.servlet.http.HttpServletRequest,java.util.Map<java.lang.String, java.lang.Object>)
2018-04-06 11:28:25.504  INFO 1649 --- [           main] s.w.s.m.m.a.RequestMappingHandlerMapping : Mapped "{[/lastn],methods=[GET]}" onto public java.lang.String org.springframework.cloud.netflix.eureka.server.EurekaController.lastn(javax.servlet.http.HttpServletRequest,java.util.Map<java.lang.String, java.lang.Object>)
2018-04-06 11:28:25.541  INFO 1649 --- [           main] o.s.w.s.handler.SimpleUrlHandlerMapping  : Mapped URL path [/webjars/**] onto handler of type [class org.springframework.web.servlet.resource.ResourceHttpRequestHandler]
2018-04-06 11:28:25.542  INFO 1649 --- [           main] o.s.w.s.handler.SimpleUrlHandlerMapping  : Mapped URL path [/**] onto handler of type [class org.springframework.web.servlet.resource.ResourceHttpRequestHandler]
2018-04-06 11:28:26.266  INFO 1649 --- [           main] o.s.ui.freemarker.SpringTemplateLoader   : SpringTemplateLoader for FreeMarker: using resource loader [org.springframework.boot.web.servlet.context.AnnotationConfigServletWebServerApplicationContext@271053e1: startup date [Fri Apr 06 11:28:19 CST 2018]; parent: org.springframework.context.annotation.AnnotationConfigApplicationContext@64c64813] and template loader path [classpath:/templates/]
2018-04-06 11:28:26.267  INFO 1649 --- [           main] o.s.w.s.v.f.FreeMarkerConfigurer         : ClassTemplateLoader for Spring macros added to FreeMarker configuration
2018-04-06 11:28:26.546  INFO 1649 --- [           main] o.s.c.n.eureka.InstanceInfoFactory       : Setting initial instance status as: STARTING
2018-04-06 11:28:26.599  INFO 1649 --- [           main] com.netflix.discovery.DiscoveryClient    : Initializing Eureka in region us-east-1
2018-04-06 11:28:26.599  INFO 1649 --- [           main] com.netflix.discovery.DiscoveryClient    : Client configured to neither register nor query for data.
2018-04-06 11:28:26.613  INFO 1649 --- [           main] com.netflix.discovery.DiscoveryClient    : Discovery Client initialized at timestamp 1522985306612 with initial instances count: 0
2018-04-06 11:28:26.699  INFO 1649 --- [           main] c.n.eureka.DefaultEurekaServerContext    : Initializing ...
2018-04-06 11:28:26.703  INFO 1649 --- [           main] c.n.eureka.cluster.PeerEurekaNodes       : Adding new peer nodes [http://localhost:8761/eureka/]
2018-04-06 11:28:26.996  INFO 1649 --- [           main] c.n.d.provider.DiscoveryJerseyProvider   : Using JSON encoding codec LegacyJacksonJson
2018-04-06 11:28:26.996  INFO 1649 --- [           main] c.n.d.provider.DiscoveryJerseyProvider   : Using JSON decoding codec LegacyJacksonJson
2018-04-06 11:28:26.996  INFO 1649 --- [           main] c.n.d.provider.DiscoveryJerseyProvider   : Using XML encoding codec XStreamXml
2018-04-06 11:28:26.996  INFO 1649 --- [           main] c.n.d.provider.DiscoveryJerseyProvider   : Using XML decoding codec XStreamXml
2018-04-06 11:28:27.153  INFO 1649 --- [           main] c.n.eureka.cluster.PeerEurekaNodes       : Replica node URL:  http://localhost:8761/eureka/
2018-04-06 11:28:27.168  INFO 1649 --- [           main] c.n.e.registry.AbstractInstanceRegistry  : Finished initializing remote region registries. All known remote regions: []
2018-04-06 11:28:27.169  INFO 1649 --- [           main] c.n.eureka.DefaultEurekaServerContext    : Initialized
2018-04-06 11:28:27.200  INFO 1649 --- [           main] o.s.b.a.e.web.EndpointLinksResolver      : Exposing 2 endpoint(s) beneath base path '/actuator'
2018-04-06 11:28:27.219  INFO 1649 --- [           main] s.b.a.e.w.s.WebMvcEndpointHandlerMapping : Mapped "{[/actuator/health],methods=[GET],produces=[application/vnd.spring-boot.actuator.v2+json || application/json]}" onto public java.lang.Object org.springframework.boot.actuate.endpoint.web.servlet.AbstractWebMvcEndpointHandlerMapping$OperationHandler.handle(javax.servlet.http.HttpServletRequest,java.util.Map<java.lang.String, java.lang.String>)
2018-04-06 11:28:27.221  INFO 1649 --- [           main] s.b.a.e.w.s.WebMvcEndpointHandlerMapping : Mapped "{[/actuator/info],methods=[GET],produces=[application/vnd.spring-boot.actuator.v2+json || application/json]}" onto public java.lang.Object org.springframework.boot.actuate.endpoint.web.servlet.AbstractWebMvcEndpointHandlerMapping$OperationHandler.handle(javax.servlet.http.HttpServletRequest,java.util.Map<java.lang.String, java.lang.String>)
2018-04-06 11:28:27.222  INFO 1649 --- [           main] s.b.a.e.w.s.WebMvcEndpointHandlerMapping : Mapped "{[/actuator],methods=[GET],produces=[application/vnd.spring-boot.actuator.v2+json || application/json]}" onto protected java.util.Map<java.lang.String, java.util.Map<java.lang.String, org.springframework.boot.actuate.endpoint.web.Link>> org.springframework.boot.actuate.endpoint.web.servlet.WebMvcEndpointHandlerMapping.links(javax.servlet.http.HttpServletRequest,javax.servlet.http.HttpServletResponse)
2018-04-06 11:28:27.308  INFO 1649 --- [           main] o.s.j.e.a.AnnotationMBeanExporter        : Registering beans for JMX exposure on startup
2018-04-06 11:28:27.327  INFO 1649 --- [           main] o.s.j.e.a.AnnotationMBeanExporter        : Bean with name 'configurationPropertiesRebinder' has been autodetected for JMX exposure
2018-04-06 11:28:27.327  INFO 1649 --- [           main] o.s.j.e.a.AnnotationMBeanExporter        : Bean with name 'environmentManager' has been autodetected for JMX exposure
2018-04-06 11:28:27.328  INFO 1649 --- [           main] o.s.j.e.a.AnnotationMBeanExporter        : Bean with name 'refreshScope' has been autodetected for JMX exposure
2018-04-06 11:28:27.331  INFO 1649 --- [           main] o.s.j.e.a.AnnotationMBeanExporter        : Located managed bean 'environmentManager': registering with JMX server as MBean [org.springframework.cloud.context.environment:name=environmentManager,type=EnvironmentManager]
2018-04-06 11:28:27.343  INFO 1649 --- [           main] o.s.j.e.a.AnnotationMBeanExporter        : Located managed bean 'refreshScope': registering with JMX server as MBean [org.springframework.cloud.context.scope.refresh:name=refreshScope,type=RefreshScope]
2018-04-06 11:28:27.358  INFO 1649 --- [           main] o.s.j.e.a.AnnotationMBeanExporter        : Located managed bean 'configurationPropertiesRebinder': registering with JMX server as MBean [org.springframework.cloud.context.properties:name=configurationPropertiesRebinder,context=271053e1,type=ConfigurationPropertiesRebinder]
2018-04-06 11:28:27.372  INFO 1649 --- [           main] o.s.c.support.DefaultLifecycleProcessor  : Starting beans in phase 0
2018-04-06 11:28:27.372  INFO 1649 --- [           main] o.s.c.n.e.s.EurekaServiceRegistry        : Registering application eureka with eureka with status UP
2018-04-06 11:28:27.377  INFO 1649 --- [      Thread-13] o.s.c.n.e.server.EurekaServerBootstrap   : Setting the eureka configuration..
2018-04-06 11:28:27.377  INFO 1649 --- [      Thread-13] o.s.c.n.e.server.EurekaServerBootstrap   : Eureka data center value eureka.datacenter is not set, defaulting to default
2018-04-06 11:28:27.378  INFO 1649 --- [      Thread-13] o.s.c.n.e.server.EurekaServerBootstrap   : Eureka environment value eureka.environment is not set, defaulting to test
2018-04-06 11:28:27.394  INFO 1649 --- [      Thread-13] o.s.c.n.e.server.EurekaServerBootstrap   : isAws returned false
2018-04-06 11:28:27.394  INFO 1649 --- [      Thread-13] o.s.c.n.e.server.EurekaServerBootstrap   : Initialized server context
2018-04-06 11:28:27.395  INFO 1649 --- [      Thread-13] c.n.e.r.PeerAwareInstanceRegistryImpl    : Got 1 instances from neighboring DS node
2018-04-06 11:28:27.395  INFO 1649 --- [      Thread-13] c.n.e.r.PeerAwareInstanceRegistryImpl    : Renew threshold is: 1
2018-04-06 11:28:27.395  INFO 1649 --- [      Thread-13] c.n.e.r.PeerAwareInstanceRegistryImpl    : Changing status to UP
2018-04-06 11:28:27.405  INFO 1649 --- [      Thread-13] e.s.EurekaServerInitializerConfiguration : Started Eureka Server
2018-04-06 11:28:27.471  INFO 1649 --- [           main] o.s.b.w.embedded.tomcat.TomcatWebServer  : Tomcat started on port(s): 8761 (http) with context path ''
2018-04-06 11:28:27.472  INFO 1649 --- [           main] .s.c.n.e.s.EurekaAutoServiceRegistration : Updating port to 8761
2018-04-06 11:28:27.478  INFO 1649 --- [           main] com.huatuo.eureka.EurekaApplication      : Started EurekaApplication in 9.771 seconds (JVM running for 10.525)
2018-04-06 11:28:32.129  INFO 1649 --- [nio-8761-exec-1] o.a.c.c.C.[Tomcat].[localhost].[/]       : Initializing Spring FrameworkServlet 'dispatcherServlet'
2018-04-06 11:28:32.129  INFO 1649 --- [nio-8761-exec-1] o.s.web.servlet.DispatcherServlet        : FrameworkServlet 'dispatcherServlet': initialization started
2018-04-06 11:28:32.152  INFO 1649 --- [nio-8761-exec-1] o.s.web.servlet.DispatcherServlet        : FrameworkServlet 'dispatcherServlet': initialization completed in 23 ms
